#
#
#
#
#
#    Don't try viewing this report without a plog-converter utility!!!
#
#    plog-converter -a GA:1,2 -t tasklist -o report.tasks /path/to/this/file.log
#
#    A link to the documentation: https://pvs-studio.com/en/docs/manual/0036/
#
#
#
#
#
d99cf3ba-6fcd-43f9-9260-1179fa3a9bed
dR'8_uR%Rr[*VRER'haa@->uR%Rcccc+=LPK=oUoucmc=LPKLU>_2ua;.I6KQ$6<K.,$,<Ec?K{C<$,cpc?KCF4CEcSVVVEc)R=LPK=oUou)REcSEcQg@@^nRER']uR%VXJER U2=u$2UaPR% U2=uER2uvu2R%*ERPu==UjuR%ROucU_v-=u_coLUocoLucho-2-:u_c'8>=oU>ocvU2huc-=caukau=u>ou_c9fcU>c8'oU2c 8aP}c?'o%cSVVVEcFu'%cb*X}RER>u/o@->uR%Rcccc oah>'Uou;+=LPK=oUouEc=LPK=-:u^nRERk8=-o-8>=R%!dR -2uR%R(a88o(PU=ouaK h>'o-8>=}'RER2->u=R%![X"B"ERkauv@->uR%Rcccc((c{auUacPuP8a-Uc'8PkUao-_UckUaUc28=c=uP 8a8=RER=U=o1_R%R{<C,wF{@xXw{RB
dR'8_uR%Rr[*VRER'haa@->uR%Rcccc+=LPK=f>'ccmc=LPKLU>_2ua;.I6KQ$6<K.eQ{Ecc?K{C<$,cpc?KCF4CEcSVVVEc)R=LPK=f>')REcxEc.I6KQ$6<K.,$,<^nRER']uR%VXJER U2=u$2UaPR% U2=uER2uvu2R%*ERPu==UjuR%ROucU_v-=u_coLUocoLucho-2-:u_c'8>=oU>ocvU2huc-=caukau=u>ou_c9fcU>c8'oU2c 8aP}c?'o%cSVVVEcFu'%cb*X}RER>u/o@->uR%Rcccc oah>'Uou;+=LPK=f>'Ec=-:u8 ;.uPUkL8au=^^nRERk8=-o-8>=R%!dR -2uR%R(a88o(PU=ouaK h>'o-8>=}'RER2->u=R%!Vx"B"ER=U=o1_R%R{<C,wF{@xXw{RB
dR'8_uR%Rr[*VRER'haa@->uR%Rcccc->oc=LPK=oUoumc=LPKLU>_2ua;.I6KQ$6<K.,$,<Ec?KCF?Q@eEcSVVVEc)R=LPK=oUou)REcSEcQg@@^nRER']uR%VXJER U2=u$2UaPR% U2=uER2uvu2R%*ERPu==UjuR%ROucU_v-=u_coLUocoLucho-2-:u_c'8>=oU>ocvU2huc-=caukau=u>ou_c9fcU>c8'oU2c 8aP}c?'o%cSVVVEcFu'%cb*X}RER>u/o@->uR%Rcccc->oc=LPK=f>'mc=LPKLU>_2ua;.I6KQ$6<K.eQ{Ec?KCF4CEcSVVVEc)R=LPK=f>')RESEcQg@@^nRERk8=-o-8>=R%!dR -2uR%R(a88o(k2Ufua}'RER2->u=R%!*G"B"ERkauv@->uR%RcRER=U=o1_R%R{<C,wF{@xXw{RB
dR'8_uR%Rr[*VRER'haa@->uR%Rcccc->oc=LPK=f>'mc=LPKLU>_2ua;.I6KQ$6<K.eQ{Ec?KCF4CEcSVVVEc)R=LPK=f>')RESEcQg@@^nRER']uR%VXJER U2=u$2UaPR% U2=uER2uvu2R%*ERPu==UjuR%ROucU_v-=u_coLUocoLucho-2-:u_c'8>=oU>ocvU2huc-=caukau=u>ou_c9fcU>c8'oU2c 8aP}c?'o%cSVVVEcFu'%cb*X}RERk8=-o-8>=R%!dR -2uR%R(a88o(k2Ufua}'RER2->u=R%!*X"B"ERkauv@->uR%Rcccc->oc=LPK=oUoumc=LPKLU>_2ua;.I6KQ$6<K.,$,<Ec?KCF?Q@eEcSVVVEc)R=LPK=oUou)REcSEcQg@@^nRER=U=o1_R%R{<C,wF{@xXw{RB
dR'8_uR%Rr[*VRER'haa@->uR%Rcccc->oc=LPK=oUoumc=LPKLU>_2ua;.I6KQ$6<K.,$,<Ec?KCF?Q@eEcSVVVEc)R=LPK=oUou)REcSEcQg@@^nRER']uR%VXJER U2=u$2UaPR% U2=uER2uvu2R%*ERPu==UjuR%ROucU_v-=u_coLUocoLucho-2-:u_c'8>=oU>ocvU2huc-=caukau=u>ou_c9fcU>c8'oU2c 8aP}c?'o%cSVVVEcFu'%cb*X}RER>u/o@->uR%Rcccc->oc=LPK=f>'mc=LPKLU>_2ua;.I6KQ$6<K.eQ{Ec?KCF4CEcSVVVEc)R=LPK=f>')RESEcQg@@^nRERk8=-o-8>=R%!dR -2uR%R(a88o(k2UfuaJ}'RER2->u=R%!GJ"B"ERkauv@->uR%Rcccc((c$9a-ac2UcPuP8a-Uc'8PkUao-_Uc;=->c?K{C<$,ck8a~hucfUcu=oUc'auU_U^RER=U=o1_R%R{<C,wF{@xXw{RB
dR'8_uR%Rr[*VRER'haa@->uR%Rcccc->oc=LPK=f>'mc=LPKLU>_2ua;.I6KQ$6<K.eQ{Ec?KCF4CEcSVVVEc)R=LPK=f>')RESEcQg@@^nRER']uR%VXJER U2=u$2UaPR% U2=uER2uvu2R%*ERPu==UjuR%ROucU_v-=u_coLUocoLucho-2-:u_c'8>=oU>ocvU2huc-=caukau=u>ou_c9fcU>c8'oU2c 8aP}c?'o%cSVVVEcFu'%cb*X}RERk8=-o-8>=R%!dR -2uR%R(a88o(k2UfuaJ}'RER2->u=R%!G*"B"ERkauv@->uR%Rcccc->oc=LPK=oUoumc=LPKLU>_2ua;.I6KQ$6<K.,$,<Ec?KCF?Q@eEcSVVVEc)R=LPK=oUou)REcSEcQg@@^nRER=U=o1_R%R{<C,wF{@xXw{RB
dR'8_uR%Rr[*VRER'haa@->uR%Rcccc->oc=LPK=oUoumc=LPKLU>_2ua;)R(jUPuK=oUou)REc?KCF?Q@eEcSVVVEc)R=LPK=oUou)RESEcQg@@^nRER']uR%VXJER U2=u$2UaPR% U2=uER2uvu2R%*ERPu==UjuR%ROucU_v-=u_coLUocoLucho-2-:u_c'8>=oU>ocvU2huc-=caukau=u>ou_c9fcU>c8'oU2c 8aP}c?'o%cSVVVEcFu'%cb*X}RER>u/o@->uR%Rcccc->oc=LPK=f>'mc=LPKLU>_2ua;)R(jUPuK=f>')REc?KCF4CEcSVVVEc)R=LPK=f>')RESEcQg@@^nRERk8=-o-8>=R%!dR -2uR%R(a88o(v-u]}'RER2->u=R%!xb["B"ERkauv@->uR%RccccRER=U=o1_R%R{<C,wF{@xXw{RB
dR'8_uR%Rr[*VRER'haa@->uR%Rcccc->oc=LPK=f>'mc=LPKLU>_2ua;)R(jUPuK=f>')REc?KCF4CEcSVVVEc)R=LPK=f>')RESEcQg@@^nRER']uR%VXJER U2=u$2UaPR% U2=uER2uvu2R%*ERPu==UjuR%ROucU_v-=u_coLUocoLucho-2-:u_c'8>=oU>ocvU2huc-=caukau=u>ou_c9fcU>c8'oU2c 8aP}c?'o%cSVVVEcFu'%cb*X}RERk8=-o-8>=R%!dR -2uR%R(a88o(v-u]}'RER2->u=R%!xbV"B"ERkauv@->uR%Rcccc->oc=LPK=oUoumc=LPKLU>_2ua;)R(jUPuK=oUou)REc?KCF?Q@eEcSVVVEc)R=LPK=oUou)RESEcQg@@^nRER=U=o1_R%R{<C,wF{@xXw{RB
